RUNNING THE L-BFGS-B CODE

           * * *

Machine precision = 2.220D-16
 N =            2     M =           10

At X0         0 variables are exactly at the bounds

At iterate    0    f=  9.69267D+03    |proj g|=  2.08695D+04

At iterate    1    f=  7.88537D+03    |proj g|=  2.96667D+02

At iterate    2    f=  6.40664D+03    |proj g|=  3.17807D+02

At iterate    3    f=  6.01290D+03    |proj g|=  3.50717D+03

At iterate    4    f=  5.79329D+03    |proj g|=  3.31401D+02

At iterate    5    f=  5.77486D+03    |proj g|=  3.31517D+02

At iterate    6    f=  5.76676D+03    |proj g|=  3.27475D+02

At iterate    7    f=  5.74464D+03    |proj g|=  6.23496D+02

At iterate    8    f=  5.69427D+03    |proj g|=  1.21572D+03

At iterate    9    f=  5.58808D+03    |proj g|=  1.72881D+03

At iterate   10    f=  5.38872D+03    |proj g|=  1.66011D+03

At iterate   11    f=  5.14288D+03    |proj g|=  7.00900D+01

At iterate   12    f=  5.05419D+03    |proj g|=  4.66052D+01

At iterate   13    f=  4.95170D+03    |proj g|=  2.27103D+01

At iterate   14    f=  4.90152D+03    |proj g|=  9.77478D+00

At iterate   15    f=  4.88814D+03    |proj g|=  7.35661D+01

At iterate   16    f=  4.88593D+03    |proj g|=  5.17193D+01

At iterate   17    f=  4.88580D+03    |proj g|=  9.51121D-01

At iterate   18    f=  4.88574D+03    |proj g|=  9.48883D-01

At iterate   19    f=  4.88574D+03    |proj g|=  6.96687D-02

At iterate   20    f=  4.88574D+03    |proj g|=  4.53772D-03

           * * *

Tit   = total number of iterations
Tnf   = total number of function evaluations
Tnint = total number of segments explored during Cauchy searches
Skip  = number of BFGS updates skipped
Nact  = number of active bounds at final generalized Cauchy point
Projg = norm of the final projected gradient
F     = final function value

           * * *

   N    Tit     Tnf  Tnint  Skip  Nact     Projg        F
    2     20     21     20     0     0   4.538D-03   4.886D+03
  F =   4885.7392793763638     

CONVERGENCE: REL_REDUCTION_OF_F_<=_FACTR*EPSMCH             

 Cauchy                time 0.000E+00 seconds.
 Subspace minimization time 0.000E+00 seconds.
 Line search           time 0.000E+00 seconds.

 Total User time 0.000E+00 seconds.

RUNNING THE L-BFGS-B CODE

           * * *

Machine precision = 2.220D-16
 N =            2     M =           10

At X0         0 variables are exactly at the bounds

At iterate    0    f=  8.23457D+03    |proj g|=  6.02023D+02

At iterate    1    f=  7.80996D+03    |proj g|=  2.85741D+02

At iterate    2    f=  5.77451D+03    |proj g|=  2.47463D+02

At iterate    3    f=  5.61131D+03    |proj g|=  2.23573D+02

At iterate    4    f=  5.36526D+03    |proj g|=  9.38283D+01

At iterate    5    f=  5.20202D+03    |proj g|=  3.06952D+02

At iterate    6    f=  5.08066D+03    |proj g|=  2.67029D+01

At iterate    7    f=  5.01965D+03    |proj g|=  5.49717D+01

At iterate    8    f=  4.99781D+03    |proj g|=  4.39298D+00

At iterate    9    f=  4.99377D+03    |proj g|=  1.80395D+00

At iterate   10    f=  4.99350D+03    |proj g|=  2.65662D-01

At iterate   11    f=  4.99350D+03    |proj g|=  4.22671D-02

At iterate   12    f=  4.99350D+03    |proj g|=  1.04257D-02

           * * *

Tit   = total number of iterations
Tnf   = total number of function evaluations
Tnint = total number of segments explored during Cauchy searches
Skip  = number of BFGS updates skipped
Nact  = number of active bounds at final generalized Cauchy point
Projg = norm of the final projected gradient
F     = final function value

           * * *

   N    Tit     Tnf  Tnint  Skip  Nact     Projg        F
    2     12     14     14     0     0   1.043D-02   4.993D+03
  F =   4993.4977117739118     

CONVERGENCE: REL_REDUCTION_OF_F_<=_FACTR*EPSMCH             

 Cauchy                time 0.000E+00 seconds.
 Subspace minimization time 0.000E+00 seconds.
 Line search           time 0.000E+00 seconds.

 Total User time 0.000E+00 seconds.

RUNNING THE L-BFGS-B CODE

           * * *

Machine precision = 2.220D-16
 N =            2     M =           10

At X0         0 variables are exactly at the bounds

At iterate    0    f=  6.38514D+03    |proj g|=  7.05619D+03

At iterate    1    f=  5.57299D+03    |proj g|=  4.22634D+02

At iterate    2    f=  5.56103D+03    |proj g|=  4.20591D+02

At iterate    3    f=  5.54081D+03    |proj g|=  4.06979D+02

At iterate    4    f=  5.50853D+03    |proj g|=  8.33681D+02

At iterate    5    f=  5.42139D+03    |proj g|=  1.48575D+03

At iterate    6    f=  5.26093D+03    |proj g|=  1.75581D+03

At iterate    7    f=  4.99071D+03    |proj g|=  9.69105D+02

At iterate    8    f=  4.79616D+03    |proj g|=  7.15470D+01

At iterate    9    f=  4.68562D+03    |proj g|=  3.87042D+01

At iterate   10    f=  4.61346D+03    |proj g|=  2.01240D+01

At iterate   11    f=  4.56955D+03    |proj g|=  8.08772D+00

At iterate   12    f=  4.55950D+03    |proj g|=  3.77746D+01

At iterate   13    f=  4.55835D+03    |proj g|=  4.54598D+01

At iterate   14    f=  4.55829D+03    |proj g|=  9.65981D-01

At iterate   15    f=  4.55822D+03    |proj g|=  2.26773D-01

At iterate   16    f=  4.55822D+03    |proj g|=  4.68403D-04

At iterate   17    f=  4.55822D+03    |proj g|=  8.15290D-06

           * * *

Tit   = total number of iterations
Tnf   = total number of function evaluations
Tnint = total number of segments explored during Cauchy searches
Skip  = number of BFGS updates skipped
Nact  = number of active bounds at final generalized Cauchy point
Projg = norm of the final projected gradient
F     = final function value

           * * *

   N    Tit     Tnf  Tnint  Skip  Nact     Projg        F
    2     17     20     17     0     0   8.153D-06   4.558D+03
  F =   4558.2232490111819     

CONVERGENCE: NORM_OF_PROJECTED_GRADIENT_<=_PGTOL            

 Cauchy                time 0.000E+00 seconds.
 Subspace minimization time 0.000E+00 seconds.
 Line search           time 0.000E+00 seconds.

 Total User time 0.000E+00 seconds.

RUNNING THE L-BFGS-B CODE

           * * *

Machine precision = 2.220D-16
 N =            2     M =           10

At X0         0 variables are exactly at the bounds

At iterate    0    f=  6.38958D+03    |proj g|=  2.13158D+03

At iterate    1    f=  6.28682D+03    |proj g|=  5.20817D+02

At iterate    2    f=  6.27198D+03    |proj g|=  5.14006D+02

At iterate    3    f=  6.20948D+03    |proj g|=  7.30451D+02

At iterate    4    f=  6.12495D+03    |proj g|=  1.31889D+03

At iterate    5    f=  5.93224D+03    |proj g|=  1.57034D+03

At iterate    6    f=  5.66131D+03    |proj g|=  5.40398D+02

At iterate    7    f=  5.48660D+03    |proj g|=  8.20201D+01

At iterate    8    f=  5.36565D+03    |proj g|=  4.61863D+01

At iterate    9    f=  5.28022D+03    |proj g|=  2.26746D+01

At iterate   10    f=  5.24064D+03    |proj g|=  9.17925D+00

At iterate   11    f=  5.23136D+03    |proj g|=  6.77112D+01

At iterate   12    f=  5.23003D+03    |proj g|=  2.37287D+01

At iterate   13    f=  5.22997D+03    |proj g|=  9.37071D-01

At iterate   14    f=  5.22997D+03    |proj g|=  1.27907D-01

At iterate   15    f=  5.22997D+03    |proj g|=  1.05990D-04

           * * *

Tit   = total number of iterations
Tnf   = total number of function evaluations
Tnint = total number of segments explored during Cauchy searches
Skip  = number of BFGS updates skipped
Nact  = number of active bounds at final generalized Cauchy point
Projg = norm of the final projected gradient
F     = final function value

           * * *

   N    Tit     Tnf  Tnint  Skip  Nact     Projg        F
    2     15     17     15     0     0   1.060D-04   5.230D+03
  F =   5229.9715872742336     

CONVERGENCE: REL_REDUCTION_OF_F_<=_FACTR*EPSMCH             

 Cauchy                time 0.000E+00 seconds.
 Subspace minimization time 0.000E+00 seconds.
 Line search           time 0.000E+00 seconds.

 Total User time 0.000E+00 seconds.

RUNNING THE L-BFGS-B CODE

           * * *

Machine precision = 2.220D-16
 N =            2     M =           10

At X0         0 variables are exactly at the bounds

At iterate    0    f=  6.60792D+04    |proj g|=  1.21426D+06

At iterate    1    f=  5.70651D+03    |proj g|=  1.91917D+02

At iterate    2    f=  5.67866D+03    |proj g|=  1.92613D+02

At iterate    3    f=  5.65494D+03    |proj g|=  1.93189D+02

At iterate    4    f=  5.64606D+03    |proj g|=  1.88938D+02

At iterate    5    f=  5.57498D+03    |proj g|=  1.51928D+02

At iterate    6    f=  5.47242D+03    |proj g|=  1.07451D+02

At iterate    7    f=  5.31670D+03    |proj g|=  6.22502D+01

At iterate    8    f=  5.17002D+03    |proj g|=  3.11287D+01

At iterate    9    f=  5.12309D+03    |proj g|=  3.15935D+02

At iterate   10    f=  5.10070D+03    |proj g|=  3.14810D+02

At iterate   11    f=  5.09515D+03    |proj g|=  4.88620D+00

At iterate   12    f=  5.09155D+03    |proj g|=  1.50259D+00

At iterate   13    f=  5.09116D+03    |proj g|=  7.62245D-01

At iterate   14    f=  5.09116D+03    |proj g|=  1.36892D-01

At iterate   15    f=  5.09116D+03    |proj g|=  3.11849D-03

           * * *

Tit   = total number of iterations
Tnf   = total number of function evaluations
Tnint = total number of segments explored during Cauchy searches
Skip  = number of BFGS updates skipped
Nact  = number of active bounds at final generalized Cauchy point
Projg = norm of the final projected gradient
F     = final function value

           * * *

   N    Tit     Tnf  Tnint  Skip  Nact     Projg        F
    2     15     20     15     0     0   3.118D-03   5.091D+03
  F =   5091.1587839978783     

CONVERGENCE: REL_REDUCTION_OF_F_<=_FACTR*EPSMCH             

 Cauchy                time 0.000E+00 seconds.
 Subspace minimization time 0.000E+00 seconds.
 Line search           time 0.000E+00 seconds.

 Total User time 0.000E+00 seconds.

RUNNING THE L-BFGS-B CODE

           * * *

Machine precision = 2.220D-16
 N =            2     M =           10

At X0         0 variables are exactly at the bounds

At iterate    0    f=  1.33909D+03    |proj g|=  1.92721D+02

At iterate    1    f=  1.18947D+03    |proj g|=  1.16370D+02

At iterate    2    f=  1.18043D+03    |proj g|=  1.23494D+02

At iterate    3    f=  1.04535D+03    |proj g|=  7.14346D+01

At iterate    4    f=  9.08496D+02    |proj g|=  4.32405D+01

At iterate    5    f=  7.81340D+02    |proj g|=  2.61725D+01

At iterate    6    f=  6.64176D+02    |proj g|=  1.55552D+01

At iterate    7    f=  5.62990D+02    |proj g|=  9.03317D+00

At iterate    8    f=  4.82802D+02    |proj g|=  5.03090D+00

At iterate    9    f=  4.27975D+02    |proj g|=  2.61093D+00

At iterate   10    f=  3.98436D+02    |proj g|=  1.19593D+00

At iterate   11    f=  3.87671D+02    |proj g|=  4.36808D-01

At iterate   12    f=  3.85595D+02    |proj g|=  1.17912D-01

At iterate   13    f=  3.85595D+02    |proj g|=  3.31664D-01

At iterate   14    f=  3.85452D+02    |proj g|=  3.27538D-02

At iterate   15    f=  3.85450D+02    |proj g|=  3.58650D-04

At iterate   16    f=  3.85450D+02    |proj g|=  1.26314D-06

           * * *

Tit   = total number of iterations
Tnf   = total number of function evaluations
Tnint = total number of segments explored during Cauchy searches
Skip  = number of BFGS updates skipped
Nact  = number of active bounds at final generalized Cauchy point
Projg = norm of the final projected gradient
F     = final function value

           * * *

   N    Tit     Tnf  Tnint  Skip  Nact     Projg        F
    2     16     21     19     0     0   1.263D-06   3.855D+02
  F =   385.45003538955223     

CONVERGENCE: NORM_OF_PROJECTED_GRADIENT_<=_PGTOL            

 Cauchy                time 0.000E+00 seconds.
 Subspace minimization time 0.000E+00 seconds.
 Line search           time 0.000E+00 seconds.

 Total User time 0.000E+00 seconds.

RUNNING THE L-BFGS-B CODE

           * * *

Machine precision = 2.220D-16
 N =            2     M =           10

At X0         0 variables are exactly at the bounds

At iterate    0    f=  9.87778D+02    |proj g|=  1.71354D+03

At iterate    1    f=  8.22567D+02    |proj g|=  1.13151D+02

At iterate    2    f=  8.19901D+02    |proj g|=  1.12908D+02

At iterate    3    f=  8.15530D+02    |proj g|=  1.11356D+02

At iterate    4    f=  8.06537D+02    |proj g|=  2.59361D+02

At iterate    5    f=  7.83122D+02    |proj g|=  5.01979D+02

At iterate    6    f=  7.33535D+02    |proj g|=  7.35520D+02

At iterate    7    f=  6.31027D+02    |proj g|=  7.97879D+02

At iterate    8    f=  4.65773D+02    |proj g|=  3.37662D+02

At iterate    9    f=  3.50088D+02    |proj g|=  1.82064D+01

At iterate   10    f=  2.68722D+02    |proj g|=  1.15657D+01

At iterate   11    f=  1.94334D+02    |proj g|=  6.94328D+00

At iterate   12    f=  1.23774D+02    |proj g|=  3.70273D+00

At iterate   13    f=  8.15740D+01    |proj g|=  1.76669D+00

At iterate   14    f=  6.67118D+01    |proj g|=  6.73665D+01

At iterate   15    f=  6.17062D+01    |proj g|=  1.15318D+00

At iterate   16    f=  6.12582D+01    |proj g|=  9.01461D+00

At iterate   17    f=  6.12481D+01    |proj g|=  1.15157D+00

At iterate   18    f=  6.12454D+01    |proj g|=  6.79065D-02

At iterate   19    f=  6.12454D+01    |proj g|=  1.06485D-03

At iterate   20    f=  6.12454D+01    |proj g|=  9.41379D-06

           * * *

Tit   = total number of iterations
Tnf   = total number of function evaluations
Tnint = total number of segments explored during Cauchy searches
Skip  = number of BFGS updates skipped
Nact  = number of active bounds at final generalized Cauchy point
Projg = norm of the final projected gradient
F     = final function value

           * * *

   N    Tit     Tnf  Tnint  Skip  Nact     Projg        F
    2     20     22     20     0     0   9.414D-06   6.125D+01
  F =   61.245446901431372     

CONVERGENCE: NORM_OF_PROJECTED_GRADIENT_<=_PGTOL            

 Cauchy                time 0.000E+00 seconds.
 Subspace minimization time 0.000E+00 seconds.
 Line search           time 0.000E+00 seconds.

 Total User time 0.000E+00 seconds.

RUNNING THE L-BFGS-B CODE

           * * *

Machine precision = 2.220D-16
 N =            2     M =           10

At X0         0 variables are exactly at the bounds

At iterate    0    f=  6.38872D+03    |proj g|=  2.08280D+04

At iterate    1    f=  8.22744D+02    |proj g|=  4.05667D+02

At iterate    2    f=  8.04298D+02    |proj g|=  4.02005D+02

At iterate    3    f=  7.32298D+02    |proj g|=  3.57207D+02

At iterate    4    f=  7.00084D+02    |proj g|=  4.29261D+02

At iterate    5    f=  5.15679D+02    |proj g|=  2.43367D+02

At iterate    6    f=  3.86001D+02    |proj g|=  1.07764D+02

At iterate    7    f=  2.44766D+02    |proj g|=  6.48336D+01

At iterate    8    f=  1.15396D+02    |proj g|=  1.11547D+02

At iterate    9    f= -7.83321D+00    |proj g|=  2.34813D+01

At iterate   10    f= -1.14931D+02    |proj g|=  1.38150D+01

At iterate   11    f= -2.02569D+02    |proj g|=  7.77774D+00

At iterate   12    f= -2.68212D+02    |proj g|=  2.09410D+01

At iterate   13    f= -3.06137D+02    |proj g|=  2.00252D+00

At iterate   14    f= -3.06765D+02    |proj g|=  8.34013D+01

At iterate   15    f= -3.22486D+02    |proj g|=  2.28079D+01

At iterate   16    f= -3.26359D+02    |proj g|=  2.58138D-01

At iterate   17    f= -3.26737D+02    |proj g|=  1.51238D-01

At iterate   18    f= -3.26746D+02    |proj g|=  6.83482D-03

At iterate   19    f= -3.26746D+02    |proj g|=  1.55141D-04

At iterate   20    f= -3.26746D+02    |proj g|=  1.81256D-07

           * * *

Tit   = total number of iterations
Tnf   = total number of function evaluations
Tnint = total number of segments explored during Cauchy searches
Skip  = number of BFGS updates skipped
Nact  = number of active bounds at final generalized Cauchy point
Projg = norm of the final projected gradient
F     = final function value

           * * *

   N    Tit     Tnf  Tnint  Skip  Nact     Projg        F
    2     20     22     20     0     0   1.813D-07  -3.267D+02
  F =  -326.74629834401628     

CONVERGENCE: NORM_OF_PROJECTED_GRADIENT_<=_PGTOL            

 Cauchy                time 0.000E+00 seconds.
 Subspace minimization time 0.000E+00 seconds.
 Line search           time 0.000E+00 seconds.

 Total User time 0.000E+00 seconds.

RUNNING THE L-BFGS-B CODE

           * * *

Machine precision = 2.220D-16
 N =            2     M =           10

At X0         0 variables are exactly at the bounds

At iterate    0    f=  4.78491D+03    |proj g|=  1.54769D+04

At iterate    1    f=  6.58606D+02    |proj g|=  2.95984D+02

At iterate    2    f=  6.16441D+02    |proj g|=  2.98369D+02

At iterate    3    f=  5.53654D+02    |proj g|=  2.86538D+02

At iterate    4    f=  4.73021D+02    |proj g|=  2.32026D+02

At iterate    5    f=  3.02907D+02    |proj g|=  1.22684D+02

At iterate    6    f=  1.72107D+02    |proj g|=  7.76216D+01

At iterate    7    f=  3.31617D+01    |proj g|=  4.66795D+01

At iterate    8    f= -9.38045D+01    |proj g|=  2.85426D+01

At iterate    9    f= -2.11746D+02    |proj g|=  1.68105D+01

At iterate   10    f= -3.13548D+02    |proj g|=  2.27141D+01

At iterate   11    f= -3.94430D+02    |proj g|=  5.44004D+00

At iterate   12    f= -4.49835D+02    |proj g|=  2.11656D+01

At iterate   13    f= -4.79844D+02    |proj g|=  1.29417D+00

At iterate   14    f= -4.80499D+02    |proj g|=  6.35360D+01

At iterate   15    f= -4.90975D+02    |proj g|=  1.55704D+01

At iterate   16    f= -4.93008D+02    |proj g|=  1.64663D-01

At iterate   17    f= -4.93140D+02    |proj g|=  5.11292D-02

At iterate   18    f= -4.93142D+02    |proj g|=  3.53871D-04

At iterate   19    f= -4.93142D+02    |proj g|=  1.48024D-05

At iterate   20    f= -4.93142D+02    |proj g|=  1.53021D-07

           * * *

Tit   = total number of iterations
Tnf   = total number of function evaluations
Tnint = total number of segments explored during Cauchy searches
Skip  = number of BFGS updates skipped
Nact  = number of active bounds at final generalized Cauchy point
Projg = norm of the final projected gradient
F     = final function value

           * * *

   N    Tit     Tnf  Tnint  Skip  Nact     Projg        F
    2     20     23     20     0     0   1.530D-07  -4.931D+02
  F =  -493.14195142203357     

CONVERGENCE: NORM_OF_PROJECTED_GRADIENT_<=_PGTOL            

 Cauchy                time 0.000E+00 seconds.
 Subspace minimization time 0.000E+00 seconds.
 Line search           time 0.000E+00 seconds.

 Total User time 0.000E+00 seconds.

RUNNING THE L-BFGS-B CODE

           * * *

Machine precision = 2.220D-16
 N =            2     M =           10

At X0         0 variables are exactly at the bounds

At iterate    0    f=  1.49291D+03    |proj g|=  1.35342D+02

At iterate    1    f=  1.36878D+03    |proj g|=  9.19447D+01

At iterate    2    f=  1.20295D+03    |proj g|=  8.91931D+01

At iterate    3    f=  1.06315D+03    |proj g|=  5.34948D+01

At iterate    4    f=  9.36355D+02    |proj g|=  3.24966D+01

At iterate    5    f=  8.18215D+02    |proj g|=  2.53836D+01

At iterate    6    f=  7.16373D+02    |proj g|=  1.12182D+01

At iterate    7    f=  6.35280D+02    |proj g|=  1.47527D+01

At iterate    8    f=  5.79572D+02    |proj g|=  3.25449D+00

At iterate    9    f=  5.49291D+02    |proj g|=  7.78561D+00

At iterate   10    f=  5.38101D+02    |proj g|=  1.09674D+00

At iterate   11    f=  5.35895D+02    |proj g|=  2.49679D+00

At iterate   12    f=  5.35737D+02    |proj g|=  8.91758D-01

At iterate   13    f=  5.35737D+02    |proj g|=  5.67994D-01

At iterate   14    f=  5.35735D+02    |proj g|=  1.62252D-02

At iterate   15    f=  5.35735D+02    |proj g|=  2.05604D-06

           * * *

Tit   = total number of iterations
Tnf   = total number of function evaluations
Tnint = total number of segments explored during Cauchy searches
Skip  = number of BFGS updates skipped
Nact  = number of active bounds at final generalized Cauchy point
Projg = norm of the final projected gradient
F     = final function value

           * * *

   N    Tit     Tnf  Tnint  Skip  Nact     Projg        F
    2     15     19     17     0     0   2.056D-06   5.357D+02
  F =   535.73452595530694     

CONVERGENCE: NORM_OF_PROJECTED_GRADIENT_<=_PGTOL            

 Cauchy                time 0.000E+00 seconds.
 Subspace minimization time 0.000E+00 seconds.
 Line search           time 0.000E+00 seconds.

 Total User time 0.000E+00 seconds.

RUNNING THE L-BFGS-B CODE

           * * *

Machine precision = 2.220D-16
 N =            2     M =           10

At X0         0 variables are exactly at the bounds

At iterate    0    f=  1.35880D+04    |proj g|=  6.14883D+04

At iterate    1    f= -3.96101D+03    |proj g|=  4.25575D+03

At iterate    2    f= -4.25425D+03    |proj g|=  3.57275D+03

At iterate    3    f= -5.12182D+03    |proj g|=  9.74956D+02

At iterate    4    f= -5.23408D+03    |proj g|=  2.71728D+02

At iterate    5    f= -5.26611D+03    |proj g|=  2.51473D+02

At iterate    6    f= -5.29590D+03    |proj g|=  2.28428D+02

At iterate    7    f= -5.37232D+03    |proj g|=  1.80059D+02

At iterate    8    f= -5.51562D+03    |proj g|=  1.25064D+02

At iterate    9    f= -5.78330D+03    |proj g|=  7.48348D+01

At iterate   10    f= -5.99333D+03    |proj g|=  1.10163D+02

At iterate   11    f= -6.12650D+03    |proj g|=  3.31112D+02

At iterate   12    f= -6.26506D+03    |proj g|=  3.04391D+02

At iterate   13    f= -6.34617D+03    |proj g|=  8.38427D+00

At iterate   14    f= -6.39691D+03    |proj g|=  5.92444D+00

At iterate   15    f= -6.43495D+03    |proj g|=  5.93623D+01

At iterate   16    f= -6.44102D+03    |proj g|=  3.79857D+01

At iterate   17    f= -6.44220D+03    |proj g|=  2.72100D+00

At iterate   18    f= -6.44222D+03    |proj g|=  2.22082D-01

At iterate   19    f= -6.44222D+03    |proj g|=  4.43260D-02

At iterate   20    f= -6.44222D+03    |proj g|=  3.22582D-03

           * * *

Tit   = total number of iterations
Tnf   = total number of function evaluations
Tnint = total number of segments explored during Cauchy searches
Skip  = number of BFGS updates skipped
Nact  = number of active bounds at final generalized Cauchy point
Projg = norm of the final projected gradient
F     = final function value

           * * *

   N    Tit     Tnf  Tnint  Skip  Nact     Projg        F
    2     20     21     20     0     0   3.226D-03  -6.442D+03
  F =  -6442.2162957212195     

CONVERGENCE: REL_REDUCTION_OF_F_<=_FACTR*EPSMCH             

 Cauchy                time 0.000E+00 seconds.
 Subspace minimization time 0.000E+00 seconds.
 Line search           time 0.000E+00 seconds.

 Total User time 0.000E+00 seconds.

RUNNING THE L-BFGS-B CODE

           * * *

Machine precision = 2.220D-16
 N =            2     M =           10

At X0         0 variables are exactly at the bounds

At iterate    0    f=  1.43035D+04    |proj g|=  6.38282D+04

At iterate    1    f= -2.90709D+03    |proj g|=  3.48657D+03

At iterate    2    f= -3.09624D+03    |proj g|=  2.94077D+03

At iterate    3    f= -3.67115D+03    |proj g|=  6.62637D+02

At iterate    4    f= -3.73581D+03    |proj g|=  3.33212D+02

At iterate    5    f= -3.76958D+03    |proj g|=  3.03711D+02

At iterate    6    f= -3.82693D+03    |proj g|=  2.55590D+02

At iterate    7    f= -3.94771D+03    |proj g|=  1.84922D+02

At iterate    8    f= -4.17358D+03    |proj g|=  1.13905D+02

At iterate    9    f= -4.41444D+03    |proj g|=  1.55007D+02

At iterate   10    f= -4.51474D+03    |proj g|=  3.69053D+02

At iterate   11    f= -4.64332D+03    |proj g|=  2.85190D+02

At iterate   12    f= -4.72616D+03    |proj g|=  2.10795D+01

At iterate   13    f= -4.75772D+03    |proj g|=  5.16295D+00

At iterate   14    f= -4.76780D+03    |proj g|=  1.65712D+00

At iterate   15    f= -4.76910D+03    |proj g|=  1.41081D+01

At iterate   16    f= -4.76916D+03    |proj g|=  3.17842D+00

At iterate   17    f= -4.76916D+03    |proj g|=  1.63190D-02

At iterate   18    f= -4.76916D+03    |proj g|=  3.64639D-04

           * * *

Tit   = total number of iterations
Tnf   = total number of function evaluations
Tnint = total number of segments explored during Cauchy searches
Skip  = number of BFGS updates skipped
Nact  = number of active bounds at final generalized Cauchy point
Projg = norm of the final projected gradient
F     = final function value

           * * *

   N    Tit     Tnf  Tnint  Skip  Nact     Projg        F
    2     18     19     18     0     0   3.646D-04  -4.769D+03
  F =  -4769.1636690105561     

CONVERGENCE: REL_REDUCTION_OF_F_<=_FACTR*EPSMCH             

 Cauchy                time 0.000E+00 seconds.
 Subspace minimization time 0.000E+00 seconds.
 Line search           time 0.000E+00 seconds.

 Total User time 0.000E+00 seconds.

RUNNING THE L-BFGS-B CODE

           * * *

Machine precision = 2.220D-16
 N =            2     M =           10

At X0         0 variables are exactly at the bounds

At iterate    0    f= -3.32333D+03    |proj g|=  2.49451D+03

At iterate    1    f= -3.80283D+03    |proj g|=  3.48585D+02

At iterate    2    f= -3.89479D+03    |proj g|=  2.90939D+02

At iterate    3    f= -4.17876D+03    |proj g|=  1.89921D+02

At iterate    4    f= -4.37331D+03    |proj g|=  1.34486D+02

At iterate    5    f= -4.57472D+03    |proj g|=  5.73387D+01

At iterate    6    f= -4.73077D+03    |proj g|=  3.27331D+01

At iterate    7    f= -4.84618D+03    |proj g|=  2.34024D+01

At iterate    8    f= -4.91297D+03    |proj g|=  8.28360D+00

At iterate    9    f= -4.94092D+03    |proj g|=  3.28477D+00

At iterate   10    f= -4.94759D+03    |proj g|=  9.61530D-01

At iterate   11    f= -4.94822D+03    |proj g|=  6.74596D-01

At iterate   12    f= -4.94822D+03    |proj g|=  3.74230D-01

At iterate   13    f= -4.94824D+03    |proj g|=  1.71160D-02

At iterate   14    f= -4.94824D+03    |proj g|=  4.20979D-05

At iterate   15    f= -4.94824D+03    |proj g|=  1.59202D-08

           * * *

Tit   = total number of iterations
Tnf   = total number of function evaluations
Tnint = total number of segments explored during Cauchy searches
Skip  = number of BFGS updates skipped
Nact  = number of active bounds at final generalized Cauchy point
Projg = norm of the final projected gradient
F     = final function value

           * * *

   N    Tit     Tnf  Tnint  Skip  Nact     Projg        F
    2     15     19     15     0     0   1.592D-08  -4.948D+03
  F =  -4948.2369511554680     

CONVERGENCE: NORM_OF_PROJECTED_GRADIENT_<=_PGTOL            

 Cauchy                time 0.000E+00 seconds.
 Subspace minimization time 0.000E+00 seconds.
 Line search           time 0.000E+00 seconds.

 Total User time 0.000E+00 seconds.

RUNNING THE L-BFGS-B CODE

           * * *

Machine precision = 2.220D-16
 N =            2     M =           10

At X0         0 variables are exactly at the bounds

At iterate    0    f= -1.48833D+02    |proj g|=  1.22645D+04

At iterate    1    f= -4.61057D+03    |proj g|=  2.55180D+02

At iterate    2    f= -4.61826D+03    |proj g|=  2.52270D+02

At iterate    3    f= -4.65902D+03    |proj g|=  2.30993D+02

At iterate    4    f= -4.69560D+03    |proj g|=  2.12296D+02

At iterate    5    f= -4.81410D+03    |proj g|=  1.66095D+02

At iterate    6    f= -5.02679D+03    |proj g|=  1.16781D+02

At iterate    7    f= -5.43557D+03    |proj g|=  6.91701D+01

At iterate    8    f= -5.79057D+03    |proj g|=  3.92138D+01

At iterate    9    f= -5.94565D+03    |proj g|=  4.16234D+02

At iterate   10    f= -6.06613D+03    |proj g|=  4.71479D+02

At iterate   11    f= -6.17427D+03    |proj g|=  6.84186D+01

At iterate   12    f= -6.19886D+03    |proj g|=  2.38737D+00

At iterate   13    f= -6.20447D+03    |proj g|=  1.66491D+00

At iterate   14    f= -6.20472D+03    |proj g|=  7.80766D+00

At iterate   15    f= -6.20507D+03    |proj g|=  7.45491D-01

At iterate   16    f= -6.20507D+03    |proj g|=  4.01426D-03

At iterate   17    f= -6.20507D+03    |proj g|=  6.57201D-05

           * * *

Tit   = total number of iterations
Tnf   = total number of function evaluations
Tnint = total number of segments explored during Cauchy searches
Skip  = number of BFGS updates skipped
Nact  = number of active bounds at final generalized Cauchy point
Projg = norm of the final projected gradient
F     = final function value

           * * *

   N    Tit     Tnf  Tnint  Skip  Nact     Projg        F
    2     17     19     17     0     0   6.572D-05  -6.205D+03
  F =  -6205.0739768374397     

CONVERGENCE: REL_REDUCTION_OF_F_<=_FACTR*EPSMCH             

 Cauchy                time 0.000E+00 seconds.
 Subspace minimization time 0.000E+00 seconds.
 Line search           time 0.000E+00 seconds.

 Total User time 0.000E+00 seconds.

RUNNING THE L-BFGS-B CODE

           * * *

Machine precision = 2.220D-16
 N =            2     M =           10

At X0         0 variables are exactly at the bounds

At iterate    0    f=  1.41445D+04    |proj g|=  6.64320D+04

At iterate    1    f= -3.49250D+03    |proj g|=  3.67992D+03

At iterate    2    f= -3.69466D+03    |proj g|=  3.12775D+03

At iterate    3    f= -4.34072D+03    |proj g|=  7.49229D+02

At iterate    4    f= -4.41396D+03    |proj g|=  3.10752D+02

At iterate    5    f= -4.44512D+03    |proj g|=  2.90460D+02

At iterate    6    f= -4.49295D+03    |proj g|=  2.58210D+02

At iterate    7    f= -4.60201D+03    |proj g|=  2.00750D+02

At iterate    8    f= -4.81161D+03    |proj g|=  1.34148D+02

At iterate    9    f= -5.17170D+03    |proj g|=  7.53311D+01

At iterate   10    f= -5.36065D+03    |proj g|=  2.37601D+02

At iterate   11    f= -5.45732D+03    |proj g|=  3.60804D+02

At iterate   12    f= -5.54110D+03    |proj g|=  1.74334D+02

At iterate   13    f= -5.56625D+03    |proj g|=  2.04650D+01

At iterate   14    f= -5.56956D+03    |proj g|=  1.66563D+00

At iterate   15    f= -5.56979D+03    |proj g|=  1.66318D+00

At iterate   16    f= -5.56979D+03    |proj g|=  6.65358D-01

At iterate   17    f= -5.56979D+03    |proj g|=  5.58522D-02

At iterate   18    f= -5.56979D+03    |proj g|=  7.58523D-04

           * * *

Tit   = total number of iterations
Tnf   = total number of function evaluations
Tnint = total number of segments explored during Cauchy searches
Skip  = number of BFGS updates skipped
Nact  = number of active bounds at final generalized Cauchy point
Projg = norm of the final projected gradient
F     = final function value

           * * *

   N    Tit     Tnf  Tnint  Skip  Nact     Projg        F
    2     18     19     18     0     0   7.585D-04  -5.570D+03
  F =  -5569.7944485131020     

CONVERGENCE: REL_REDUCTION_OF_F_<=_FACTR*EPSMCH             

 Cauchy                time 0.000E+00 seconds.
 Subspace minimization time 0.000E+00 seconds.
 Line search           time 0.000E+00 seconds.

 Total User time 0.000E+00 seconds.

RUNNING THE L-BFGS-B CODE

           * * *

Machine precision = 2.220D-16
 N =            2     M =           10

At X0         0 variables are exactly at the bounds

At iterate    0    f=  8.22929D+03    |proj g|=  2.92279D+04

At iterate    1    f= -3.34792D+02    |proj g|=  5.02943D+02

At iterate    2    f= -3.47619D+02    |proj g|=  4.98020D+02

At iterate    3    f= -4.31208D+02    |proj g|=  6.24135D+02

At iterate    4    f= -4.79521D+02    |proj g|=  8.04838D+02

At iterate    5    f= -7.29099D+02    |proj g|=  8.84798D+02

At iterate    6    f= -1.00119D+03    |proj g|=  1.41707D+02

At iterate    7    f= -1.17584D+03    |proj g|=  9.63923D+01

At iterate    8    f= -1.41682D+03    |proj g|=  5.65820D+01

At iterate    9    f= -1.61978D+03    |proj g|=  3.38029D+01

At iterate   10    f= -1.78706D+03    |proj g|=  1.57681D+02

At iterate   11    f= -1.92049D+03    |proj g|=  7.63218D+01

At iterate   12    f= -2.00756D+03    |proj g|=  2.07684D+01

At iterate   13    f= -2.05059D+03    |proj g|=  1.07547D+02

At iterate   14    f= -2.05703D+03    |proj g|=  1.61234D+00

At iterate   15    f= -2.06586D+03    |proj g|=  1.32984D+00

At iterate   16    f= -2.06724D+03    |proj g|=  2.35877D+00

At iterate   17    f= -2.06727D+03    |proj g|=  6.12606D-01

At iterate   18    f= -2.06727D+03    |proj g|=  2.08662D-02

At iterate   19    f= -2.06727D+03    |proj g|=  5.77359D-04

           * * *

Tit   = total number of iterations
Tnf   = total number of function evaluations
Tnint = total number of segments explored during Cauchy searches
Skip  = number of BFGS updates skipped
Nact  = number of active bounds at final generalized Cauchy point
Projg = norm of the final projected gradient
F     = final function value

           * * *

   N    Tit     Tnf  Tnint  Skip  Nact     Projg        F
    2     19     21     19     0     0   5.774D-04  -2.067D+03
  F =  -2067.2727169931968     

CONVERGENCE: REL_REDUCTION_OF_F_<=_FACTR*EPSMCH             

 Cauchy                time 0.000E+00 seconds.
 Subspace minimization time 0.000E+00 seconds.
 Line search           time 0.000E+00 seconds.

 Total User time 0.000E+00 seconds.

RUNNING THE L-BFGS-B CODE

           * * *

Machine precision = 2.220D-16
 N =            2     M =           10

At X0         0 variables are exactly at the bounds

At iterate    0    f=  4.00428D+02    |proj g|=  2.90319D+03

At iterate    1    f=  7.03052D+01    |proj g|=  3.08296D+02

At iterate    2    f=  6.11109D+01    |proj g|=  3.04971D+02

At iterate    3    f=  4.72398D+00    |proj g|=  5.46279D+02

At iterate    4    f= -6.31257D+01    |proj g|=  8.96697D+02

At iterate    5    f= -2.43639D+02    |proj g|=  1.11852D+03

At iterate    6    f= -5.16794D+02    |proj g|=  6.17958D+02

At iterate    7    f= -7.54105D+02    |proj g|=  5.61724D+01

At iterate    8    f= -9.34334D+02    |proj g|=  3.50472D+01

At iterate    9    f= -1.10045D+03    |proj g|=  2.09516D+01

At iterate   10    f= -1.25382D+03    |proj g|=  1.16005D+01

At iterate   11    f= -1.34979D+03    |proj g|=  1.10018D+02

At iterate   12    f= -1.40195D+03    |proj g|=  1.39678D+02

At iterate   13    f= -1.40555D+03    |proj g|=  2.68092D+00

At iterate   14    f= -1.42436D+03    |proj g|=  1.27373D+00

At iterate   15    f= -1.42831D+03    |proj g|=  1.06037D+00

At iterate   16    f= -1.42857D+03    |proj g|=  2.07253D-01

At iterate   17    f= -1.42858D+03    |proj g|=  1.40226D-03

At iterate   18    f= -1.42858D+03    |proj g|=  6.40368D-05

At iterate   19    f= -1.42858D+03    |proj g|=  1.14179D-06

           * * *

Tit   = total number of iterations
Tnf   = total number of function evaluations
Tnint = total number of segments explored during Cauchy searches
Skip  = number of BFGS updates skipped
Nact  = number of active bounds at final generalized Cauchy point
Projg = norm of the final projected gradient
F     = final function value

           * * *

   N    Tit     Tnf  Tnint  Skip  Nact     Projg        F
    2     19     22     19     0     0   1.142D-06  -1.429D+03
  F =  -1428.5772597373623     

CONVERGENCE: NORM_OF_PROJECTED_GRADIENT_<=_PGTOL            

 Cauchy                time 0.000E+00 seconds.
 Subspace minimization time 0.000E+00 seconds.
 Line search           time 0.000E+00 seconds.

 Total User time 0.000E+00 seconds.

RUNNING THE L-BFGS-B CODE

           * * *

Machine precision = 2.220D-16
 N =            2     M =           10

At X0         0 variables are exactly at the bounds

At iterate    0    f=  1.47526D+03    |proj g|=  6.86452D+03

At iterate    1    f=  1.00402D+03    |proj g|=  4.53680D+02

At iterate    2    f=  1.40291D+02    |proj g|=  5.19425D+02

At iterate    3    f= -4.61940D+01    |proj g|=  7.89867D+02

At iterate    4    f= -9.94632D+01    |proj g|=  4.92538D+02

At iterate    5    f= -1.65514D+02    |proj g|=  4.25720D+02

At iterate    6    f= -3.54354D+02    |proj g|=  2.81753D+02

At iterate    7    f= -5.99983D+02    |proj g|=  1.78465D+02

At iterate    8    f= -8.67489D+02    |proj g|=  1.83518D+02

At iterate    9    f= -1.04932D+03    |proj g|=  4.92305D+02

At iterate   10    f= -1.26701D+03    |proj g|=  3.53749D+02

At iterate   11    f= -1.45816D+03    |proj g|=  2.46322D+01

At iterate   12    f= -1.60338D+03    |proj g|=  1.41125D+01

At iterate   13    f= -1.71288D+03    |proj g|=  7.42558D+00

At iterate   14    f= -1.77441D+03    |proj g|=  3.51756D+00

At iterate   15    f= -1.79124D+03    |proj g|=  1.34461D+00

At iterate   16    f= -1.80441D+03    |proj g|=  1.30753D+00

At iterate   17    f= -1.80531D+03    |proj g|=  9.29305D+00

At iterate   18    f= -1.80535D+03    |proj g|=  2.64784D+00

At iterate   19    f= -1.80535D+03    |proj g|=  1.27187D-01

At iterate   20    f= -1.80535D+03    |proj g|=  4.78100D-03

           * * *

Tit   = total number of iterations
Tnf   = total number of function evaluations
Tnint = total number of segments explored during Cauchy searches
Skip  = number of BFGS updates skipped
Nact  = number of active bounds at final generalized Cauchy point
Projg = norm of the final projected gradient
F     = final function value

           * * *

   N    Tit     Tnf  Tnint  Skip  Nact     Projg        F
    2     20     21     20     0     0   4.781D-03  -1.805D+03
  F =  -1805.3530355768505     

CONVERGENCE: REL_REDUCTION_OF_F_<=_FACTR*EPSMCH             

 Cauchy                time 0.000E+00 seconds.
 Subspace minimization time 0.000E+00 seconds.
 Line search           time 0.000E+00 seconds.

 Total User time 0.000E+00 seconds.

RUNNING THE L-BFGS-B CODE

           * * *

Machine precision = 2.220D-16
 N =            2     M =           10

At X0         0 variables are exactly at the bounds

At iterate    0    f=  2.41066D+04    |proj g|=  1.18685D+05

At iterate    1    f=  8.13237D+02    |proj g|=  1.71585D+03

At iterate    2    f=  7.86295D+02    |proj g|=  1.52416D+03

At iterate    3    f=  6.41995D+02    |proj g|=  5.09886D+02

At iterate    4    f=  6.12229D+02    |proj g|=  4.73063D+02

At iterate    5    f=  5.18176D+02    |proj g|=  3.70249D+02

At iterate    6    f=  3.64156D+02    |proj g|=  2.64014D+02

At iterate    7    f=  6.11542D+01    |proj g|=  1.59798D+02

At iterate    8    f= -2.06234D+02    |proj g|=  1.06879D+02

At iterate    9    f= -3.91536D+02    |proj g|=  5.45683D+02

At iterate   10    f= -5.96116D+02    |proj g|=  5.67673D+02

At iterate   11    f= -6.50071D+02    |proj g|=  3.48050D+01

At iterate   12    f= -8.23443D+02    |proj g|=  2.22805D+01

At iterate   13    f= -9.96632D+02    |proj g|=  4.27087D+01

At iterate   14    f= -1.11223D+03    |proj g|=  3.08594D+01

At iterate   15    f= -1.18581D+03    |proj g|=  3.27176D+00

At iterate   16    f= -1.21817D+03    |proj g|=  1.35498D+00

At iterate   17    f= -1.22695D+03    |proj g|=  7.56884D-01

At iterate   18    f= -1.22799D+03    |proj g|=  4.14064D-01

At iterate   19    f= -1.22802D+03    |proj g|=  7.96729D-02

At iterate   20    f= -1.22802D+03    |proj g|=  2.60357D-04

At iterate   21    f= -1.22802D+03    |proj g|=  3.21789D-05

           * * *

Tit   = total number of iterations
Tnf   = total number of function evaluations
Tnint = total number of segments explored during Cauchy searches
Skip  = number of BFGS updates skipped
Nact  = number of active bounds at final generalized Cauchy point
Projg = norm of the final projected gradient
F     = final function value

           * * *

   N    Tit     Tnf  Tnint  Skip  Nact     Projg        F
    2     21     23     21     0     0   3.218D-05  -1.228D+03
  F =  -1228.0194984347556     

CONVERGENCE: REL_REDUCTION_OF_F_<=_FACTR*EPSMCH             

 Cauchy                time 0.000E+00 seconds.
 Subspace minimization time 0.000E+00 seconds.
 Line search           time 0.000E+00 seconds.

 Total User time 0.000E+00 seconds.

RUNNING THE L-BFGS-B CODE

           * * *

Machine precision = 2.220D-16
 N =            2     M =           10

At X0         0 variables are exactly at the bounds

At iterate    0    f=  8.06733D+02    |proj g|=  6.90405D+03

At iterate    1    f=  5.28129D+02    |proj g|=  1.55242D+02

At iterate    2    f= -4.06655D+02    |proj g|=  1.63683D+02

At iterate    3    f= -5.40613D+02    |proj g|=  8.06713D+02

At iterate    4    f= -5.72690D+02    |proj g|=  1.66310D+02

At iterate    5    f= -5.75890D+02    |proj g|=  1.65560D+02

At iterate    6    f= -6.02444D+02    |proj g|=  3.81667D+02

At iterate    7    f= -6.42550D+02    |proj g|=  7.18389D+02

At iterate    8    f= -7.46186D+02    |proj g|=  1.10254D+03

At iterate    9    f= -9.32766D+02    |proj g|=  1.12917D+03

At iterate   10    f= -1.20441D+03    |proj g|=  3.91883D+01

At iterate   11    f= -1.31420D+03    |proj g|=  2.81321D+01

At iterate   12    f= -1.49738D+03    |proj g|=  1.47976D+01

At iterate   13    f= -1.60550D+03    |proj g|=  1.12956D+01

At iterate   14    f= -1.66901D+03    |proj g|=  1.05994D+02

At iterate   15    f= -1.69697D+03    |proj g|=  4.50876D+01

At iterate   16    f= -1.70382D+03    |proj g|=  4.42086D-01

Outer k-fold 1
  Inner k-fold 1
  Inner k-fold 2
  Inner k-fold 3
  Inner k-fold 4
  Inner k-fold 5
Trained params
----------------
ALFA: 0.9487235863752722
BETA: 16.46252691109016
----------------
Outer k-fold 2
  Inner k-fold 1
  Inner k-fold 2
  Inner k-fold 3
  Inner k-fold 4
  Inner k-fold 5
Trained params
----------------
ALFA: 0.9408646059801252
BETA: 17.92543576260287
----------------
Outer k-fold 3
  Inner k-fold 1
  Inner k-fold 2
  Inner k-fold 3
  Inner k-fold 4
  Inner k-fold 5
Trained params
----------------
ALFA: 0.9657458282314015
BETA: 16.01760568437228
----------------
Outer k-fold 4
  Inner k-fold 1
  Inner k-fold 2
  Inner k-fold 3
  Inner k-fold 4
  Inner k-fold 5
Trained params
----------------
ALFA: 0.9368695939328444
BETA: 14.021048872173337
----------------
Outer k-fold 5
  Inner k-fold 1
  Inner k-fold 2
  Inner k-fold 3
  Inner k-fold 4
  Inner k-fold 5
Trained params
----------------
ALFA: 0.9432463269572513
BETA: 14.275809055858943
----------------
Outer k-fold 1
  Inner k-fold 1
  Inner k-fold 2
  Inner k-fold 3
  Inner k-fold 4
  Inner k-fold 5
Trained params
----------------
ALFA: 1.1067519788293847
BETA: 91.17361412209834
----------------
Outer k-fold 2
  Inner k-fold 1
  Inner k-fold 2
  Inner k-fold 3
  Inner k-fold 4
  Inner k-fold 5
Trained params
----------------
ALFA: 1.1507291081429964
BETA: 81.49653694093102
----------------
Outer k-fold 3
  Inner k-fold 1
  Inner k-fold 2
  Inner k-fold 3
  Inner k-fold 4
  Inner k-fold 5
Trained params
----------------
ALFA: 1.2048508154911741
BETA: 72.57871690415696
----------------
Outer k-fold 4
  Inner k-fold 1
  Inner k-fold 2
  Inner k-fold 3
  Inner k-fold 4
  Inner k-fold 5
Trained params
----------------
ALFA: 1.2202925372678848
BETA: 85.2652493895232
----------------
Outer k-fold 5
  Inner k-fold 1
  Inner k-fold 2
  Inner k-fold 3
  Inner k-fold 4
  Inner k-fold 5
Trained params
----------------
ALFA: 1.096123541905096
BETA: 74.70293127719283
----------------
Outer k-fold 1
  Inner k-fold 1
  Inner k-fold 2
  Inner k-fold 3
  Inner k-fold 4
  Inner k-fold 5
Trained params
----------------
ALFA: 1.8219114391859474
BETA: 45.31131328839502
----------------
Outer k-fold 2
  Inner k-fold 1
  Inner k-fold 2
  Inner k-fold 3
  Inner k-fold 4
  Inner k-fold 5
Trained params
----------------
ALFA: 1.649861599643995
BETA: 24.11331484669177
----------------
Outer k-fold 3
  Inner k-fold 1
  Inner k-fold 2
  Inner k-fold 3
  Inner k-fold 4
  Inner k-fold 5
Trained params
----------------
ALFA: 1.6699519556488862
BETA: 29.818065002104998
----------------
Outer k-fold 4
  Inner k-fold 1
  Inner k-fold 2
  Inner k-fold 3
  Inner k-fold 4
  Inner k-fold 5
Trained params
----------------
ALFA: 1.6564207861795783
BETA: 46.659369263329836
----------------
Outer k-fold 5
  Inner k-fold 1
  Inner k-fold 2
  Inner k-fold 3
  Inner k-fold 4
  Inner k-fold 5
Trained params
----------------
ALFA: 1.6620548210573494
BETA: 21.86878084136868
----------------
Outer k-fold 1
  Inner k-fold 1
  Inner k-fold 2
  Inner k-fold 3
  Inner k-fold 4
  Inner k-fold 5
Trained params
----------------
ALFA: 1.3244940121813076
BETA: 65.03199238381123
----------------
Outer k-fold 2
  Inner k-fold 1
  Inner k-fold 2
  Inner k-fold 3
  Inner k-fold 4
  Inner k-fold 5
Trained params
----------------
ALFA: 1.270444642621532
BETA: 70.31069340235744
----------------
Outer k-fold 3
  Inner k-fold 1
  Inner k-fold 2
  Inner k-fold 3
  Inner k-fold 4
  Inner k-fold 5
Trained params
----------------
ALFA: 1.3027827718707654
BETA: 65.8199576569322
----------------
Outer k-fold 4
  Inner k-fold 1
  Inner k-fold 2
  Inner k-fold 3
  Inner k-fold 4
  Inner k-fold 5
Trained params
----------------
ALFA: 1.246231888914778
BETA: 86.62897802316678
----------------
Outer k-fold 5
  Inner k-fold 1
  Inner k-fold 2
  Inner k-fold 3
  Inner k-fold 4
  Inner k-fold 5
Trained params
----------------
ALFA: 1.296235846753248
BETA: 63.59687521388469
----------------
At iterate   17    f= -1.70450D+03    |proj g|=  1.19954D+01

At iterate   18    f= -1.70451D+03    |proj g|=  1.29660D+00

At iterate   19    f= -1.70452D+03    |proj g|=  1.72830D-01

At iterate   20    f= -1.70452D+03    |proj g|=  8.16491D-05

At iterate   21    f= -1.70452D+03    |proj g|=  1.36627D-06

           * * *

Tit   = total number of iterations
Tnf   = total number of function evaluations
Tnint = total number of segments explored during Cauchy searches
Skip  = number of BFGS updates skipped
Nact  = number of active bounds at final generalized Cauchy point
Projg = norm of the final projected gradient
F     = final function value

           * * *

   N    Tit     Tnf  Tnint  Skip  Nact     Projg        F
    2     21     23     21     0     0   1.366D-06  -1.705D+03
  F =  -1704.5163844744682     

CONVERGENCE: NORM_OF_PROJECTED_GRADIENT_<=_PGTOL            

 Cauchy                time 0.000E+00 seconds.
 Subspace minimization time 0.000E+00 seconds.
 Line search           time 0.000E+00 seconds.

 Total User time 0.000E+00 seconds.

