Ridge regression model with recursive feature elimination - attempt 0
K-fold 1
Before feature selection:
Regularization parameter: 100.0
---------------------------------------
Regularization parameter: 1e-06
K-fold 2
Before feature selection:
Regularization parameter: 10.0
---------------------------------------
Regularization parameter: 10.0
K-fold 3
Before feature selection:
Regularization parameter: 10.0
---------------------------------------
Regularization parameter: 1.0
K-fold 4
Before feature selection:
Regularization parameter: 10.0
---------------------------------------
Regularization parameter: 1.0
K-fold 5
Before feature selection:
Regularization parameter: 100.0
---------------------------------------
Regularization parameter: 10.0
K-fold 6
Before feature selection:
Regularization parameter: 10.0
---------------------------------------
Regularization parameter: 1.0
K-fold 7
Before feature selection:
Regularization parameter: 100.0
---------------------------------------
Regularization parameter: 1.0
K-fold 8
Before feature selection:
Regularization parameter: 100.0
---------------------------------------
Regularization parameter: 10.0
K-fold 9
Before feature selection:
Regularization parameter: 100.0
---------------------------------------
Regularization parameter: 1.0
K-fold 10
Before feature selection:
Regularization parameter: 10.0
---------------------------------------
Regularization parameter: 1.0
cryptominisat SAT_Competition_RACE_INDU RMSE: 0.9336487850026852 R2: 0.7175330077855966
Ridge regression model with recursive feature elimination - attempt 1
K-fold 1
Before feature selection:
Regularization parameter: 100.0
---------------------------------------
Regularization parameter: 1.0
K-fold 2
Before feature selection:
Regularization parameter: 10.0
---------------------------------------
Regularization parameter: 10.0
K-fold 3
Before feature selection:
Regularization parameter: 10.0
---------------------------------------
Regularization parameter: 10.0
K-fold 4
Before feature selection:
Regularization parameter: 10.0
---------------------------------------
Regularization parameter: 10.0
K-fold 5
Before feature selection:
Regularization parameter: 100.0
---------------------------------------
Regularization parameter: 100.0
K-fold 6
Before feature selection:
Regularization parameter: 10.0
---------------------------------------
Regularization parameter: 10.0
K-fold 7
Before feature selection:
Regularization parameter: 100.0
---------------------------------------
Regularization parameter: 1e-06
K-fold 8
Before feature selection:
Regularization parameter: 100.0
---------------------------------------
Regularization parameter: 10.0
K-fold 9
Before feature selection:
Regularization parameter: 100.0
---------------------------------------
Regularization parameter: 10.0
K-fold 10
Before feature selection:
Regularization parameter: 10.0
---------------------------------------
Regularization parameter: 1e-06
cryptominisat SAT_Competition_RACE_INDU RMSE: 0.9144082778567497 R2: 0.7290551312537876
Ridge regression model with recursive feature elimination - attempt 2
K-fold 1
Before feature selection:
Regularization parameter: 100.0
---------------------------------------
Regularization parameter: 100.0
K-fold 2
Before feature selection:
Regularization parameter: 10.0
---------------------------------------
Regularization parameter: 10.0
K-fold 3
Before feature selection:
Regularization parameter: 10.0
---------------------------------------
Regularization parameter: 10.0
K-fold 4
Before feature selection:
Regularization parameter: 10.0
---------------------------------------
Regularization parameter: 1.0
K-fold 5
Before feature selection:
Regularization parameter: 100.0
---------------------------------------
Regularization parameter: 100.0
K-fold 6
Before feature selection:
Regularization parameter: 10.0
---------------------------------------
Regularization parameter: 10.0
K-fold 7
Before feature selection:
Regularization parameter: 100.0
---------------------------------------
Regularization parameter: 10.0
K-fold 8
Before feature selection:
Regularization parameter: 100.0
---------------------------------------
Regularization parameter: 10.0
K-fold 9
Before feature selection:
Regularization parameter: 100.0
---------------------------------------
Regularization parameter: 10.0
K-fold 10
Before feature selection:
Regularization parameter: 10.0
---------------------------------------
Regularization parameter: 1.0
cryptominisat SAT_Competition_RACE_INDU RMSE: 0.8943501352907849 R2: 0.740811465110826
Ridge regression model with recursive feature elimination - attempt 3
K-fold 1
Before feature selection:
Regularization parameter: 100.0
---------------------------------------
Regularization parameter: 10.0
K-fold 2
Before feature selection:
Regularization parameter: 10.0
---------------------------------------
Regularization parameter: 10.0
K-fold 3
Before feature selection:
Regularization parameter: 10.0
---------------------------------------
Regularization parameter: 10.0
K-fold 4
Before feature selection:
Regularization parameter: 10.0
---------------------------------------
Regularization parameter: 1.0
K-fold 5
Before feature selection:
Regularization parameter: 100.0
---------------------------------------
Regularization parameter: 100.0
K-fold 6
Before feature selection:
Regularization parameter: 10.0
---------------------------------------
Regularization parameter: 10.0
K-fold 7
Before feature selection:
Regularization parameter: 100.0
---------------------------------------
Regularization parameter: 10.0
K-fold 8
Before feature selection:
Regularization parameter: 100.0
---------------------------------------
Regularization parameter: 100.0
K-fold 9
Before feature selection:
Regularization parameter: 100.0
---------------------------------------
Regularization parameter: 100.0
K-fold 10
Before feature selection:
Regularization parameter: 10.0
---------------------------------------
Regularization parameter: 1.0
cryptominisat SAT_Competition_RACE_INDU RMSE: 0.9119675770034555 R2: 0.7304995906646949
Ridge regression model with recursive feature elimination - attempt 4
K-fold 1
Before feature selection:
Regularization parameter: 100.0
---------------------------------------
Selecting 60 features
Regularization parameter: 100.0
K-fold 2
Before feature selection:
Regularization parameter: 10.0
---------------------------------------
Selecting 40 features
Regularization parameter: 10.0
K-fold 3
Before feature selection:
Regularization parameter: 10.0
---------------------------------------
Selecting 50 features
Regularization parameter: 100.0
K-fold 4
Before feature selection:
Regularization parameter: 10.0
---------------------------------------
Selecting 35 features
Regularization parameter: 10.0
K-fold 5
Before feature selection:
Regularization parameter: 100.0
---------------------------------------
Selecting 60 features
Regularization parameter: 100.0
K-fold 6
Before feature selection:
Regularization parameter: 10.0
---------------------------------------
Selecting 60 features
Regularization parameter: 10.0
K-fold 7
Before feature selection:
Regularization parameter: 100.0
---------------------------------------
Selecting 60 features
Regularization parameter: 10.0
K-fold 8
Before feature selection:
Regularization parameter: 100.0
---------------------------------------
Selecting 50 features
Regularization parameter: 10.0
K-fold 9
Before feature selection:
Regularization parameter: 100.0
---------------------------------------
Selecting 60 features
Regularization parameter: 10.0
K-fold 10
Before feature selection:
Regularization parameter: 10.0
---------------------------------------
Selecting 60 features
Regularization parameter: 1.0
cryptominisat SAT_Competition_RACE_INDU RMSE: 0.9018742377250887 R2: 0.7364320519693903


Ridge regression model with recursive feature elimination - attempt 0
K-fold 1
Before feature selection:
Regularization parameter: 100.0
---------------------------------------
Regularization parameter: 1.0
K-fold 2
Before feature selection:
Regularization parameter: 10.0
---------------------------------------
Regularization parameter: 0.01
K-fold 3
Before feature selection:
Regularization parameter: 10.0
---------------------------------------
Regularization parameter: 0.1
K-fold 4
Before feature selection:
Regularization parameter: 10.0
---------------------------------------
Regularization parameter: 0.1
K-fold 5
Before feature selection:
Regularization parameter: 100.0
---------------------------------------
Regularization parameter: 0.1
K-fold 6
Before feature selection:
Regularization parameter: 10.0
---------------------------------------
Regularization parameter: 0.1
K-fold 7
Before feature selection:
Regularization parameter: 10.0
---------------------------------------
Regularization parameter: 0.1
K-fold 8
Before feature selection:
Regularization parameter: 1.0
---------------------------------------
Regularization parameter: 0.01
K-fold 9
Before feature selection:
Regularization parameter: 10.0
---------------------------------------
Regularization parameter: 0.01
K-fold 10
Before feature selection:
Regularization parameter: 1.0
---------------------------------------
Regularization parameter: 0.0001
cryptominisat IBM-SWV RMSE: 0.6794003455092713 R2: 0.8595647384645839
Ridge regression model with recursive feature elimination - attempt 1
K-fold 1
Before feature selection:
Regularization parameter: 100.0
---------------------------------------
Regularization parameter: 1.0
K-fold 2
Before feature selection:
Regularization parameter: 10.0
---------------------------------------
Regularization parameter: 0.01
K-fold 3
Before feature selection:
Regularization parameter: 10.0
---------------------------------------
Regularization parameter: 0.01
K-fold 4
Before feature selection:
Regularization parameter: 10.0
---------------------------------------
Regularization parameter: 0.01
K-fold 5
Before feature selection:
Regularization parameter: 100.0
---------------------------------------
Regularization parameter: 0.1
K-fold 6
Before feature selection:
Regularization parameter: 10.0
---------------------------------------
Regularization parameter: 1.0
K-fold 7
Before feature selection:
Regularization parameter: 10.0
---------------------------------------
Regularization parameter: 0.1
K-fold 8
Before feature selection:
Regularization parameter: 1.0
---------------------------------------
Regularization parameter: 0.1
K-fold 9
Before feature selection:
Regularization parameter: 10.0
---------------------------------------
Regularization parameter: 0.01
K-fold 10
Before feature selection:
Regularization parameter: 1.0
---------------------------------------
Regularization parameter: 0.0001
cryptominisat IBM-SWV RMSE: 0.6716182326830992 R2: 0.8627635119296199
Ridge regression model with recursive feature elimination - attempt 2
K-fold 1
Before feature selection:
Regularization parameter: 100.0
---------------------------------------
Regularization parameter: 10.0
K-fold 2
Before feature selection:
Regularization parameter: 10.0
---------------------------------------
Regularization parameter: 1.0
K-fold 3
Before feature selection:
Regularization parameter: 10.0
---------------------------------------
Regularization parameter: 0.1
K-fold 4
Before feature selection:
Regularization parameter: 10.0
---------------------------------------
Regularization parameter: 0.1
K-fold 5
Before feature selection:
Regularization parameter: 100.0
---------------------------------------
Regularization parameter: 0.1
K-fold 6
Before feature selection:
Regularization parameter: 10.0
---------------------------------------
Regularization parameter: 1.0
K-fold 7
Before feature selection:
Regularization parameter: 10.0
---------------------------------------
Regularization parameter: 0.1
K-fold 8
Before feature selection:
Regularization parameter: 1.0
---------------------------------------
Regularization parameter: 0.01
K-fold 9
Before feature selection:
Regularization parameter: 10.0
---------------------------------------
Regularization parameter: 0.01
K-fold 10
Before feature selection:
Regularization parameter: 1.0
---------------------------------------
Regularization parameter: 1e-05
cryptominisat IBM-SWV RMSE: 0.6698981023244999 R2: 0.8634655844368369
Ridge regression model with recursive feature elimination - attempt 3
K-fold 1
Before feature selection:
Regularization parameter: 100.0
---------------------------------------
Regularization parameter: 10.0
K-fold 2
Before feature selection:
Regularization parameter: 10.0
---------------------------------------
Regularization parameter: 1.0
K-fold 3
Before feature selection:
Regularization parameter: 10.0
---------------------------------------
Regularization parameter: 0.01
K-fold 4
Before feature selection:
Regularization parameter: 10.0
---------------------------------------
Regularization parameter: 0.1
K-fold 5
Before feature selection:
Regularization parameter: 100.0
---------------------------------------
Regularization parameter: 0.0001
K-fold 6
Before feature selection:
Regularization parameter: 10.0
---------------------------------------
Regularization parameter: 1.0
K-fold 7
Before feature selection:
Regularization parameter: 10.0
---------------------------------------
Regularization parameter: 0.1
K-fold 8
Before feature selection:
Regularization parameter: 1.0
---------------------------------------
Regularization parameter: 1.0
K-fold 9
Before feature selection:
Regularization parameter: 10.0
---------------------------------------
Regularization parameter: 0.001
K-fold 10
Before feature selection:
Regularization parameter: 1.0
---------------------------------------
Regularization parameter: 1e-05
cryptominisat IBM-SWV RMSE: 0.6702382613147083 R2: 0.8633268911035737
Ridge regression model with recursive feature elimination - attempt 4
K-fold 1
Before feature selection:
Regularization parameter: 100.0
---------------------------------------
Selecting 60 features
Regularization parameter: 10.0
K-fold 2
Before feature selection:
Regularization parameter: 10.0
---------------------------------------
Selecting 60 features
Regularization parameter: 1.0
K-fold 3
Before feature selection:
Regularization parameter: 10.0
---------------------------------------
Selecting 60 features
Regularization parameter: 0.1
K-fold 4
Before feature selection:
Regularization parameter: 10.0
---------------------------------------
Selecting 60 features
Regularization parameter: 0.1
K-fold 5
Before feature selection:
Regularization parameter: 100.0
---------------------------------------
Selecting 55 features
Regularization parameter: 1.0
K-fold 6
Before feature selection:
Regularization parameter: 10.0
---------------------------------------
Selecting 60 features
Regularization parameter: 1.0
K-fold 7
Before feature selection:
Regularization parameter: 10.0
---------------------------------------
Selecting 60 features
Regularization parameter: 0.1
K-fold 8
Before feature selection:
Regularization parameter: 1.0
---------------------------------------
Selecting 50 features
Regularization parameter: 0.01
K-fold 9
Before feature selection:
Regularization parameter: 10.0
---------------------------------------
Selecting 60 features
Regularization parameter: 0.01
K-fold 10
Before feature selection:
Regularization parameter: 1.0
---------------------------------------
Selecting 60 features
Regularization parameter: 1e-05
cryptominisat IBM-SWV RMSE: 0.6704816110284844 R2: 0.8632276267024028


Ridge regression model with recursive feature elimination - attempt 0
K-fold 1
Before feature selection:
Regularization parameter: 100.0
---------------------------------------
Regularization parameter: 10.0
K-fold 2
Before feature selection:
Regularization parameter: 100.0
---------------------------------------
Regularization parameter: 10.0
K-fold 3
Before feature selection:
Regularization parameter: 100.0
---------------------------------------
Regularization parameter: 10.0
K-fold 4
Before feature selection:
Regularization parameter: 100.0
---------------------------------------
Regularization parameter: 10.0
K-fold 5
Before feature selection:
Regularization parameter: 100.0
---------------------------------------
Regularization parameter: